<?xml version="1.0" encoding="utf-8"?><testsuites name="pytest tests"><testsuite name="pytest" errors="0" failures="0" skipped="0" tests="10" time="0.969" timestamp="2026-06-12T02:48:23.981503+00:00" hostname="agent-env-97217ffb-0871-4887-a9e8-f0f41a1dd340"><testcase classname="backend.tests.test_leads_api.TestCreateLead" name="test_root_alive" time="0.467" /><testcase classname="backend.tests.test_leads_api.TestCreateLead" name="test_create_demo_lead_full_payload" time="0.050" /><testcase classname="backend.tests.test_leads_api.TestCreateLead" name="test_create_trial_lead_with_plan" time="0.046" /><testcase classname="backend.tests.test_leads_api.TestCreateLead" name="test_missing_email_returns_422" time="0.048" /><testcase classname="backend.tests.test_leads_api.TestCreateLead" name="test_invalid_email_returns_422" time="0.044" /><testcase classname="backend.tests.test_leads_api.TestCreateLead" name="test_missing_name_returns_422" time="0.049" /><testcase classname="backend.tests.test_leads_api.TestListLeads" name="test_list_includes_created_and_sorted_desc" time="0.047" /><testcase classname="backend.tests.test_leads_api.TestListLeads" name="test_filter_by_type_demo" time="0.045" /><testcase classname="backend.tests.test_leads_api.TestListLeads" name="test_filter_by_type_trial" time="0.058" /><testcase classname="backend.tests.test_leads_api.TestListLeads" name="test_no_mongo_id_leaked" time="0.046" /></testsuite></testsuites>